<?xml version="1.0" encoding="UTF-8"?>
<!-- Generated by org.testng.reporters.JUnitReportReporter -->
<testsuite hostname="DESKTOP-L26CMPH" failures="0" tests="1" name="testCase.TC_001_Login" time="76.990" errors="0" timestamp="2024-09-23T00:47:23 IST" skipped="0">
  <testcase classname="testCase.TC_001_Login" name="login" time="76.990"/>
</testsuite> <!-- testCase.TC_001_Login -->
