<?xml version="1.0" encoding="UTF-8"?>
<!-- Generated by org.testng.reporters.JUnitReportReporter -->
<testsuite hostname="DESKTOP-L26CMPH" failures="0" tests="1" name="testCase.TC_001_Login" time="68.856" errors="0" timestamp="2024-09-24T16:30:22 IST" skipped="0">
  <testcase classname="testCase.TC_001_Login" name="login" time="68.856"/>
</testsuite> <!-- testCase.TC_001_Login -->
